shuffle_id_gen_z2_by_party2/39600
                        time:   [35.136 ms 35.464 ms 35.824 ms]
Found 13 outliers among 100 measurements (13.00%)
  9 (9.00%) high mild
  4 (4.00%) high severe

shuffle_id_gen_z1_by_party1/39600
                        time:   [65.104 ms 65.463 ms 66.028 ms]
Found 4 outliers among 100 measurements (4.00%)
  1 (1.00%) high mild
  3 (3.00%) high severe

shuffle_id_gen_id_by_party2/39600
                        time:   [55.599 ms 55.862 ms 56.135 ms]

shuffle_id_gen_z2_by_party2/79200
                        time:   [75.995 ms 77.075 ms 78.238 ms]
Found 9 outliers among 100 measurements (9.00%)
  7 (7.00%) high mild
  2 (2.00%) high severe

shuffle_id_gen_z1_by_party1/79200
                        time:   [135.64 ms 136.70 ms 137.78 ms]
Found 1 outliers among 100 measurements (1.00%)
  1 (1.00%) high mild

shuffle_id_gen_id_by_party2/79200
                        time:   [116.55 ms 117.39 ms 118.28 ms]
Found 2 outliers among 100 measurements (2.00%)
  2 (2.00%) high mild

shuffle_id_gen_z2_by_party2/198000
                        time:   [189.93 ms 191.16 ms 192.45 ms]
Found 5 outliers among 100 measurements (5.00%)
  5 (5.00%) high mild

shuffle_id_gen_z1_by_party1/198000
                        time:   [343.14 ms 345.91 ms 348.81 ms]
Found 1 outliers among 100 measurements (1.00%)
  1 (1.00%) high mild

shuffle_id_gen_id_by_party2/198000
                        time:   [308.32 ms 310.74 ms 313.19 ms]

shuffle_id_gen_z2_by_party2/396000
                        time:   [378.85 ms 380.86 ms 383.05 ms]
Found 3 outliers among 100 measurements (3.00%)
  2 (2.00%) high mild
  1 (1.00%) high severe

shuffle_id_gen_z1_by_party1/396000
                        time:   [659.51 ms 661.80 ms 664.31 ms]
Found 15 outliers among 100 measurements (15.00%)
  8 (8.00%) high mild
  7 (7.00%) high severe

shuffle_id_gen_id_by_party2/396000
                        time:   [572.81 ms 575.19 ms 577.72 ms]
Found 5 outliers among 100 measurements (5.00%)
  5 (5.00%) high mild

shuffle_id_gen_z2_by_party2/475200
                        time:   [438.71 ms 439.48 ms 440.30 ms]
Found 6 outliers among 100 measurements (6.00%)
  5 (5.00%) high mild
  1 (1.00%) high severe

shuffle_id_gen_z1_by_party1/475200
                        time:   [782.31 ms 783.25 ms 784.24 ms]
Found 3 outliers among 100 measurements (3.00%)
  3 (3.00%) high mild

shuffle_id_gen_id_by_party2/475200
                        time:   [697.83 ms 699.03 ms 700.28 ms]
Found 1 outliers among 100 measurements (1.00%)
  1 (1.00%) high mild

