gen_id/8                time:   [997.93 µs 1.0039 ms 1.0102 ms]
                        change: [+3.2431% +4.7544% +6.2913%] (p = 0.00 < 0.05)
                        Performance has regressed.
Found 4 outliers among 100 measurements (4.00%)
  2 (2.00%) high mild
  2 (2.00%) high severe

gen_id/16               time:   [999.09 µs 1.0062 ms 1.0140 ms]
                        change: [+5.5415% +6.3786% +7.2670%] (p = 0.00 < 0.05)
                        Performance has regressed.
Found 3 outliers among 100 measurements (3.00%)
  3 (3.00%) high mild

gen_id/32               time:   [1.0046 ms 1.0118 ms 1.0200 ms]
                        change: [+7.3045% +8.4238% +9.5009%] (p = 0.00 < 0.05)
                        Performance has regressed.
Found 4 outliers among 100 measurements (4.00%)
  3 (3.00%) high mild
  1 (1.00%) high severe

gen_id/64               time:   [1.0084 ms 1.0180 ms 1.0276 ms]
                        change: [+0.0934% +1.6543% +3.2821%] (p = 0.04 < 0.05)
                        Change within noise threshold.
Found 3 outliers among 100 measurements (3.00%)
  1 (1.00%) high mild
  2 (2.00%) high severe

gen_id/128              time:   [1.0002 ms 1.0052 ms 1.0106 ms]
                        change: [+2.4324% +3.5920% +4.8133%] (p = 0.00 < 0.05)
                        Performance has regressed.
Found 10 outliers among 100 measurements (10.00%)
  4 (4.00%) high mild
  6 (6.00%) high severe

gen_id/256              time:   [1.0273 ms 1.0396 ms 1.0533 ms]
                        change: [+2.9139% +4.0549% +5.2935%] (p = 0.00 < 0.05)
                        Performance has regressed.
Found 5 outliers among 100 measurements (5.00%)
  4 (4.00%) high mild
  1 (1.00%) high severe

gen_id/512              time:   [1.0038 ms 1.0112 ms 1.0186 ms]
                        change: [-0.4370% +0.5064% +1.5129%] (p = 0.32 > 0.05)
                        No change in performance detected.
Found 15 outliers among 100 measurements (15.00%)
  3 (3.00%) low mild
  7 (7.00%) high mild
  5 (5.00%) high severe

gen_id/1024             time:   [1.0020 ms 1.0052 ms 1.0084 ms]
                        change: [+0.8971% +1.7471% +2.5714%] (p = 0.00 < 0.05)
                        Change within noise threshold.
Found 11 outliers among 100 measurements (11.00%)
  4 (4.00%) low mild
  4 (4.00%) high mild
  3 (3.00%) high severe

gen_id/2048             time:   [1.0041 ms 1.0089 ms 1.0144 ms]
                        change: [-1.7745% -0.7823% +0.1819%] (p = 0.13 > 0.05)
                        No change in performance detected.
Found 14 outliers among 100 measurements (14.00%)
  4 (4.00%) low mild
  6 (6.00%) high mild
  4 (4.00%) high severe

gen_id/4096             time:   [1.0125 ms 1.0170 ms 1.0217 ms]
                        change: [-2.4325% -1.1795% -0.0098%] (p = 0.06 > 0.05)
                        No change in performance detected.
Found 9 outliers among 100 measurements (9.00%)
  1 (1.00%) low mild
  5 (5.00%) high mild
  3 (3.00%) high severe

