shuffle_id_gen_z2_by_party2/1000
                        time:   [867.51 µs 870.56 µs 873.66 µs]
                        change: [+3.0039% +3.6908% +4.3881%] (p = 0.00 < 0.05)
                        Performance has regressed.
Found 1 outliers among 100 measurements (1.00%)
  1 (1.00%) high mild

shuffle_id_gen_z1_by_party1/1000
                        time:   [1.5737 ms 1.5869 ms 1.5996 ms]
                        change: [-3.0434% -2.3966% -1.7010%] (p = 0.00 < 0.05)
                        Performance has improved.
Found 1 outliers among 100 measurements (1.00%)
  1 (1.00%) high mild

shuffle_id_gen_id_by_party2/1000
                        time:   [1.4028 ms 1.4083 ms 1.4140 ms]
                        change: [+3.3047% +3.8320% +4.3669%] (p = 0.00 < 0.05)
                        Performance has regressed.
Found 1 outliers among 100 measurements (1.00%)
  1 (1.00%) high mild


running 0 tests

test result: ok. 0 passed; 0 failed; 0 ignored; 0 measured; 0 filtered out; finished in 0.00s


running 0 tests

test result: ok. 0 passed; 0 failed; 0 ignored; 0 measured; 0 filtered out; finished in 0.00s

